<?xml version="1.0" encoding="UTF-8"?>
<!-- Generated by org.testng.reporters.JUnitReportReporter -->
<testsuite hostname="DESKTOP-E3SU5BG" failures="0" tests="2" name="TestCases.VerifyLoginPage" time="20.446" errors="0" timestamp="2022-07-12T21:14:26 IST" skipped="0">
  <testcase classname="TestCases.VerifyLoginPage" name="logInVerification" time="13.744"/>
  <system-out/>
  <testcase classname="TestCases.VerifyLoginPage" name="logInVerification" time="6.702"/>
  <system-out/>
</testsuite> <!-- TestCases.VerifyLoginPage -->
