<?xml version="1.0" encoding="UTF-8"?>
<!-- Generated by org.testng.reporters.JUnitReportReporter -->
<testsuite hostname="DESKTOP-E3SU5BG" failures="0" tests="1" name="TestCases.VerifySignup" time="35.564" errors="0" timestamp="2022-07-11T16:57:51 IST" skipped="0">
  <testcase classname="TestCases.VerifySignup" name="signUp" time="35.564"/>
  <system-out/>
</testsuite> <!-- TestCases.VerifySignup -->
